2025-05-13 23:57:34,049 INFO: IPV application startup [in D:\Python_practs\IPV\IPV Project\app.py:24]
2025-05-13 23:57:34,051 INFO: Created upload directory: uploads [in D:\Python_practs\IPV\IPV Project\app.py:36]
2025-05-13 23:57:34,054 INFO: Created upload directory: uploads/grabcut [in D:\Python_practs\IPV\IPV Project\app.py:36]
2025-05-13 23:57:34,058 INFO: Created upload directory: uploads/bw_converter [in D:\Python_practs\IPV\IPV Project\app.py:36]
2025-05-13 23:57:34,061 INFO: Created upload directory: uploads/segmentation [in D:\Python_practs\IPV\IPV Project\app.py:36]
2025-05-13 23:57:35,758 INFO: IPV application startup [in D:\Python_practs\IPV\IPV Project\app.py:24]
2025-05-13 23:58:01,443 ERROR: Page not found: /process [in D:\Python_practs\IPV\IPV Project\app.py:54]
2025-05-13 23:58:53,672 INFO: IPV application startup [in D:\Python_practs\IPV\IPV Project\app.py:24]
2025-05-13 23:58:58,387 INFO: IPV application startup [in D:\Python_practs\IPV\IPV Project\app.py:24]
2025-05-13 23:59:55,531 ERROR: Page not found: /process [in D:\Python_practs\IPV\IPV Project\app.py:54]
2025-05-14 00:17:36,954 ERROR: Page not found: /process [in D:\Python_practs\IPV\IPV Project\app.py:54]
2025-05-14 00:28:59,402 INFO: IPV application startup [in D:\Python_practs\IPV\IPV Project\app.py:24]
2025-05-14 00:29:01,784 INFO: IPV application startup [in D:\Python_practs\IPV\IPV Project\app.py:24]
2025-05-14 00:29:24,618 ERROR: Page not found: /process [in D:\Python_practs\IPV\IPV Project\app.py:54]
2025-05-14 00:32:37,358 INFO: IPV application startup [in D:\Python_practs\IPV\IPV Project\app.py:24]
2025-05-14 00:32:44,498 INFO: IPV application startup [in D:\Python_practs\IPV\IPV Project\app.py:24]
2025-05-14 00:36:46,516 ERROR: Page not found: /process [in D:\Python_practs\IPV\IPV Project\app.py:54]
2025-05-14 02:50:13,226 INFO: IPV application startup [in D:\Python_practs\IPV\IPV Project\app.py:24]
2025-05-14 02:50:14,227 INFO: IPV application startup [in D:\Python_practs\IPV\IPV Project\app.py:24]
2025-05-14 02:50:23,515 ERROR: Page not found: /favicon.ico [in D:\Python_practs\IPV\IPV Project\app.py:54]
2025-05-14 02:50:36,635 ERROR: Page not found: /process [in D:\Python_practs\IPV\IPV Project\app.py:54]
2025-05-14 02:55:02,200 ERROR: Page not found: /process [in D:\Python_practs\IPV\IPV Project\app.py:54]
2025-05-14 02:56:46,739 INFO: IPV application startup [in D:\Python_practs\IPV\IPV Project\app.py:24]
2025-05-14 02:56:47,828 INFO: IPV application startup [in D:\Python_practs\IPV\IPV Project\app.py:24]
2025-05-14 02:56:54,362 ERROR: Page not found: /favicon.ico [in D:\Python_practs\IPV\IPV Project\app.py:54]
2025-05-14 02:57:03,788 ERROR: Page not found: /process [in D:\Python_practs\IPV\IPV Project\app.py:54]
2025-05-14 03:14:46,899 ERROR: Page not found: /favicon.ico [in D:\Python_practs\IPV\IPV Project\app.py:54]
2025-05-14 03:15:00,129 ERROR: Page not found: /process [in D:\Python_practs\IPV\IPV Project\app.py:54]
2025-05-14 03:15:47,628 ERROR: Page not found: /process [in D:\Python_practs\IPV\IPV Project\app.py:54]
2025-05-14 03:23:53,427 INFO: IPV application startup [in D:\Python_practs\IPV\IPV Project\app.py:24]
2025-05-14 03:23:55,666 INFO: IPV application startup [in D:\Python_practs\IPV\IPV Project\app.py:30]
2025-05-14 03:24:17,634 ERROR: Page not found: /process [in D:\Python_practs\IPV\IPV Project\app.py:56]
2025-05-14 08:34:51,810 INFO: IPV application startup [in D:\Python_practs\IPV\IPV Project\app.py:30]
2025-05-14 08:34:52,675 INFO: IPV application startup [in D:\Python_practs\IPV\IPV Project\app.py:30]
2025-05-14 08:35:02,140 ERROR: Page not found: /favicon.ico [in D:\Python_practs\IPV\IPV Project\app.py:56]
2025-05-14 08:36:22,628 ERROR: Page not found: /process [in D:\Python_practs\IPV\IPV Project\app.py:56]
2025-05-14 08:39:43,766 INFO: IPV application startup [in D:\Python_practs\IPV\IPV Project\app.py:30]
2025-05-14 08:39:44,829 INFO: IPV application startup [in D:\Python_practs\IPV\IPV Project\app.py:30]
2025-05-14 08:40:06,281 ERROR: Page not found: /process [in D:\Python_practs\IPV\IPV Project\app.py:56]
2025-05-14 09:31:33,987 INFO: IPV application startup [in D:\Python_practs\IPV\IPV Project\app.py:30]
2025-05-14 09:31:34,848 INFO: IPV application startup [in D:\Python_practs\IPV\IPV Project\app.py:30]
2025-05-14 09:31:40,058 ERROR: Page not found: /favicon.ico [in D:\Python_practs\IPV\IPV Project\app.py:56]
2025-05-14 09:31:51,782 ERROR: Page not found: /process [in D:\Python_practs\IPV\IPV Project\app.py:56]
2025-05-14 10:08:31,952 ERROR: Page not found: /undefined [in D:\Python_practs\IPV\IPV Project\app.py:56]
2025-05-14 10:35:17,606 ERROR: Page not found: /undefined [in D:\Python_practs\IPV\IPV Project\app.py:56]
2025-05-14 10:37:35,987 INFO: IPV application startup [in D:\Python_practs\IPV\IPV Project\app.py:30]
2025-05-14 10:37:38,394 INFO: IPV application startup [in D:\Python_practs\IPV\IPV Project\app.py:30]
2025-05-14 10:38:18,021 INFO: IPV application startup [in D:\Python_practs\IPV\IPV Project\app.py:30]
2025-05-14 10:38:33,982 INFO: IPV application startup [in D:\Python_practs\IPV\IPV Project\app.py:30]
2025-05-14 10:59:46,877 INFO: IPV application startup [in D:\Python_practs\IPV\IPV Project\app.py:30]
2025-05-14 11:00:16,419 INFO: IPV application startup [in D:\Python_practs\IPV\IPV Project\app.py:30]
2025-05-14 11:01:36,146 INFO: IPV application startup [in D:\Python_practs\IPV\IPV Project\app.py:30]
2025-05-14 11:01:38,613 INFO: IPV application startup [in D:\Python_practs\IPV\IPV Project\app.py:30]
2025-05-14 11:07:49,013 INFO: IPV application startup [in D:\Python_practs\IPV\IPV Project\app.py:30]
2025-05-14 11:08:07,453 INFO: IPV application startup [in D:\Python_practs\IPV\IPV Project\app.py:30]
2025-05-14 11:08:17,337 INFO: IPV application startup [in D:\Python_practs\IPV\IPV Project\app.py:30]
2025-05-14 11:11:02,590 INFO: IPV application startup [in D:\Python_practs\IPV\IPV Project\app.py:30]
2025-05-14 11:11:57,039 INFO: IPV application startup [in D:\Python_practs\IPV\IPV Project\app.py:30]
2025-05-14 11:14:39,218 INFO: IPV application startup [in D:\Python_practs\IPV\IPV Project\app.py:30]
2025-05-14 11:16:45,576 INFO: IPV application startup [in D:\Python_practs\IPV\IPV Project\app.py:30]
2025-05-14 11:17:09,985 INFO: IPV application startup [in D:\Python_practs\IPV\IPV Project\app.py:30]
2025-05-14 11:17:23,970 INFO: IPV application startup [in D:\Python_practs\IPV\IPV Project\app.py:30]
2025-05-14 11:17:28,733 INFO: IPV application startup [in D:\Python_practs\IPV\IPV Project\app.py:30]
2025-05-14 11:18:09,609 INFO: IPV application startup [in D:\Python_practs\IPV\IPV Project\app.py:30]
2025-05-14 23:41:48,969 INFO: IPV application startup [in D:\Python_practs\IPV\IPV Project\app.py:30]
2025-05-14 23:41:49,895 INFO: IPV application startup [in D:\Python_practs\IPV\IPV Project\app.py:30]
2025-05-14 23:42:00,565 ERROR: Page not found: /favicon.ico [in D:\Python_practs\IPV\IPV Project\app.py:56]
2025-05-14 23:46:33,187 INFO: IPV application startup [in D:\Python_practs\IPV\IPV Project\app.py:30]
2025-05-14 23:46:39,234 INFO: IPV application startup [in D:\Python_practs\IPV\IPV Project\app.py:30]
2025-05-14 23:50:28,628 INFO: IPV application startup [in D:\Python_practs\IPV\IPV Project\app.py:30]
2025-05-14 23:50:44,326 INFO: IPV application startup [in D:\Python_practs\IPV\IPV Project\app.py:30]
2025-05-15 00:29:15,012 INFO: IPV application startup [in D:\Python_practs\IPV\IPV Project\app.py:30]
2025-05-15 00:29:16,246 INFO: IPV application startup [in D:\Python_practs\IPV\IPV Project\app.py:30]
